<?xml version="1.0" encoding="UTF-8"?>
<testsuite xmlns:xsi="http://www.w3.org/2001/XMLSchema-instance" xsi:noNamespaceSchemaLocation="https://maven.apache.org/surefire/maven-surefire-plugin/xsd/surefire-test-report-3.0.xsd" version="3.0" name="AdminTest" time="4.696" tests="3" errors="0" skipped="0" failures="0">
  <properties>
[...]
</properties>
  <testcase name="testDeletePlayer" classname="AdminTest" time="0.571">
    <system-out><![CDATA[
  .   ____          _            __ _ _
 /\\ / ___'_ __ _ _(_)_ __  __ _ \ \ \ \
( ( )\___ | '_ | '_| | '_ \/ _` | \ \ \ \
 \\/  ___)| |_)| | | | | || (_| |  ) ) ) )
  '  |____| .__|_| |_|_| |_\__, | / / / /
 =========|_|==============|___/=/_/_/_/
 :: Spring Boot ::                (v3.2.0)

2024-12-06T17:19:33.723+03:00  INFO 5524 --- [           main] AdminTest                                : Starting AdminTest using Java 21.0.5 with PID 5524 (started by goros in C:\Users\goros\Desktop\LeadershipBoard\coursework)
2024-12-06T17:19:33.725+03:00  INFO 5524 --- [           main] AdminTest                                : No active profile set, falling back to 1 default profile: "default"
2024-12-06T17:19:33.741+03:00 DEBUG 5524 --- [           main] o.s.w.c.s.GenericWebApplicationContext   : Refreshing org.springframework.web.context.support.GenericWebApplicationContext@1827a871
2024-12-06T17:19:34.226+03:00  INFO 5524 --- [           main] .s.d.r.c.RepositoryConfigurationDelegate : Bootstrapping Spring Data JPA repositories in DEFAULT mode.
2024-12-06T17:19:34.279+03:00  INFO 5524 --- [           main] .s.d.r.c.RepositoryConfigurationDelegate : Finished Spring Data repository scanning in 47 ms. Found 3 JPA repository interfaces.
2024-12-06T17:19:34.682+03:00  INFO 5524 --- [           main] o.hibernate.jpa.internal.util.LogHelper  : HHH000204: Processing PersistenceUnitInfo [name: default]
2024-12-06T17:19:34.733+03:00  INFO 5524 --- [           main] org.hibernate.Version                    : HHH000412: Hibernate ORM core version 6.3.1.Final
2024-12-06T17:19:34.759+03:00  INFO 5524 --- [           main] o.h.c.internal.RegionFactoryInitiator    : HHH000026: Second-level cache disabled
2024-12-06T17:19:34.942+03:00  INFO 5524 --- [           main] o.s.o.j.p.SpringPersistenceUnitInfo      : No LoadTimeWeaver setup: ignoring JPA class transformer
2024-12-06T17:19:34.969+03:00  INFO 5524 --- [           main] com.zaxxer.hikari.HikariDataSource       : HikariPool-1 - Starting...
2024-12-06T17:19:35.241+03:00  INFO 5524 --- [           main] com.zaxxer.hikari.pool.HikariPool        : HikariPool-1 - Added connection com.mysql.cj.jdbc.ConnectionImpl@5ca22e19
2024-12-06T17:19:35.242+03:00  INFO 5524 --- [           main] com.zaxxer.hikari.HikariDataSource       : HikariPool-1 - Start completed.
2024-12-06T17:19:35.281+03:00  WARN 5524 --- [           main] org.hibernate.orm.deprecation            : HHH90000025: MySQLDialect does not need to be specified explicitly using 'hibernate.dialect' (remove the property setting and it will be selected by default)
2024-12-06T17:19:35.924+03:00  INFO 5524 --- [           main] o.h.e.t.j.p.i.JtaPlatformInitiator       : HHH000489: No JTA platform available (set 'hibernate.transaction.jta.platform' to enable JTA platform integration)
2024-12-06T17:19:35.974+03:00  INFO 5524 --- [           main] j.LocalContainerEntityManagerFactoryBean : Initialized JPA EntityManagerFactory for persistence unit 'default'
2024-12-06T17:19:36.237+03:00  INFO 5524 --- [           main] o.s.d.j.r.query.QueryEnhancerFactory     : Hibernate is in classpath; If applicable, HQL parser will be used.
2024-12-06T17:19:36.723+03:00  WARN 5524 --- [           main] JpaBaseConfiguration$JpaWebConfiguration : spring.jpa.open-in-view is enabled by default. Therefore, database queries may be performed during view rendering. Explicitly configure spring.jpa.open-in-view to disable this warning
2024-12-06T17:19:36.825+03:00  INFO 5524 --- [           main] o.s.b.a.w.s.WelcomePageHandlerMapping    : Adding welcome page: class path resource [static/index.html]
2024-12-06T17:19:36.873+03:00 DEBUG 5524 --- [           main] s.w.s.m.m.a.RequestMappingHandlerMapping : 23 mappings in 'requestMappingHandlerMapping'
2024-12-06T17:19:36.952+03:00 DEBUG 5524 --- [           main] o.s.w.s.handler.SimpleUrlHandlerMapping  : Patterns [/webjars/**, /**] in 'resourceHandlerMapping'
2024-12-06T17:19:36.979+03:00  INFO 5524 --- [           main] o.s.s.web.DefaultSecurityFilterChain     : Will secure any request with [org.springframework.security.web.session.DisableEncodeUrlFilter@5a429813, org.springframework.security.web.context.request.async.WebAsyncManagerIntegrationFilter@348b26e0, org.springframework.security.web.context.SecurityContextHolderFilter@30c96ea9, org.springframework.security.web.header.HeaderWriterFilter@11a8735d, org.springframework.web.filter.CorsFilter@26ab3c1b, org.springframework.security.web.authentication.logout.LogoutFilter@4c04188, org.springframework.security.web.authentication.UsernamePasswordAuthenticationFilter@32441ed4, org.springframework.security.web.savedrequest.RequestCacheAwareFilter@71ea9a0d, org.springframework.security.web.servletapi.SecurityContextHolderAwareRequestFilter@62ba4c62, org.springframework.security.web.authentication.AnonymousAuthenticationFilter@98dc042, org.springframework.security.web.access.ExceptionTranslationFilter@631bb90c, org.springframework.security.web.access.intercept.AuthorizationFilter@78f2cab9]
2024-12-06T17:19:37.093+03:00 DEBUG 5524 --- [           main] s.w.s.m.m.a.RequestMappingHandlerAdapter : ControllerAdvice beans: 0 @ModelAttribute, 0 @InitBinder, 1 RequestBodyAdvice, 1 ResponseBodyAdvice
2024-12-06T17:19:37.118+03:00 DEBUG 5524 --- [           main] .m.m.a.ExceptionHandlerExceptionResolver : ControllerAdvice beans: 0 @ExceptionHandler, 1 ResponseBodyAdvice
2024-12-06T17:19:37.245+03:00  INFO 5524 --- [           main] o.s.b.t.m.w.SpringBootMockServletContext : Initializing Spring TestDispatcherServlet ''
2024-12-06T17:19:37.245+03:00  INFO 5524 --- [           main] o.s.t.web.servlet.TestDispatcherServlet  : Initializing Servlet ''
2024-12-06T17:19:37.246+03:00  INFO 5524 --- [           main] o.s.t.web.servlet.TestDispatcherServlet  : Completed initialization in 1 ms
2024-12-06T17:19:37.259+03:00  INFO 5524 --- [           main] AdminTest                                : Started AdminTest in 3.773 seconds (process running for 4.452)
2024-12-06T17:19:37.646+03:00 DEBUG 5524 --- [           main] w.c.HttpSessionSecurityContextRepository : Created HttpSession as SecurityContext is non-default
2024-12-06T17:19:37.646+03:00 DEBUG 5524 --- [           main] w.c.HttpSessionSecurityContextRepository : Stored SecurityContextImpl [Authentication=UsernamePasswordAuthenticationToken [Principal=org.springframework.security.core.userdetails.User [Username=okak, Password=[PROTECTED], Enabled=true, AccountNonExpired=true, CredentialsNonExpired=true, AccountNonLocked=true, Granted Authorities=[ROLE_ADMIN]], Credentials=[PROTECTED], Authenticated=true, Details=null, Granted Authorities=[ROLE_ADMIN]]] to HttpSession [org.springframework.mock.web.MockHttpSession@77ec911]
2024-12-06T17:19:37.648+03:00 DEBUG 5524 --- [           main] o.s.security.web.FilterChainProxy        : Securing POST /players
2024-12-06T17:19:37.651+03:00  WARN 5524 --- [           main] o.s.w.s.h.HandlerMappingIntrospector     : Cache miss for REQUEST dispatch to '/players' (previous null). Performing CorsConfiguration lookup. This is logged once only at WARN level, and every time at TRACE.
2024-12-06T17:19:37.659+03:00 DEBUG 5524 --- [           main] w.c.HttpSessionSecurityContextRepository : Retrieved SecurityContextImpl [Authentication=UsernamePasswordAuthenticationToken [Principal=org.springframework.security.core.userdetails.User [Username=okak, Password=[PROTECTED], Enabled=true, AccountNonExpired=true, CredentialsNonExpired=true, AccountNonLocked=true, Granted Authorities=[ROLE_ADMIN]], Credentials=[PROTECTED], Authenticated=true, Details=null, Granted Authorities=[ROLE_ADMIN]]]
2024-12-06T17:19:37.659+03:00 DEBUG 5524 --- [           main] o.s.security.web.FilterChainProxy        : Secured POST /players
2024-12-06T17:19:37.661+03:00 DEBUG 5524 --- [           main] s.w.s.m.m.a.RequestMappingHandlerMapping : Mapped to com.example.PlayerController#addPlayer(Player)
2024-12-06T17:19:37.702+03:00 DEBUG 5524 --- [           main] m.m.a.RequestResponseBodyMethodProcessor : Read "application/json;charset=UTF-8" to [Player(id=null, name=PlayerToDelete, totalScore=50, region=Asia, isPremium=0, gameResults=null)]
Hibernate: insert into player (is_premium,name,region,total_score) values (?,?,?,?)
2024-12-06T17:19:37.756+03:00 DEBUG 5524 --- [           main] m.m.a.RequestResponseBodyMethodProcessor : Using 'application/json', given [*/*] and supported [application/json, application/*+json]
2024-12-06T17:19:37.756+03:00 DEBUG 5524 --- [           main] m.m.a.RequestResponseBodyMethodProcessor : Writing [Player(id=40, name=PlayerToDelete, totalScore=50, region=Asia, isPremium=0, gameResults=null)]
2024-12-06T17:19:37.770+03:00 DEBUG 5524 --- [           main] w.c.HttpSessionSecurityContextRepository : Created HttpSession as SecurityContext is non-default
2024-12-06T17:19:37.770+03:00 DEBUG 5524 --- [           main] w.c.HttpSessionSecurityContextRepository : Stored SecurityContextImpl [Authentication=UsernamePasswordAuthenticationToken [Principal=org.springframework.security.core.userdetails.User [Username=okak, Password=[PROTECTED], Enabled=true, AccountNonExpired=true, CredentialsNonExpired=true, AccountNonLocked=true, Granted Authorities=[ROLE_ADMIN]], Credentials=[PROTECTED], Authenticated=true, Details=null, Granted Authorities=[ROLE_ADMIN]]] to HttpSession [org.springframework.mock.web.MockHttpSession@cdf3ee2]
2024-12-06T17:19:37.770+03:00 DEBUG 5524 --- [           main] o.s.security.web.FilterChainProxy        : Securing DELETE /admin/players/40
2024-12-06T17:19:37.771+03:00 DEBUG 5524 --- [           main] w.c.HttpSessionSecurityContextRepository : Retrieved SecurityContextImpl [Authentication=UsernamePasswordAuthenticationToken [Principal=org.springframework.security.core.userdetails.User [Username=okak, Password=[PROTECTED], Enabled=true, AccountNonExpired=true, CredentialsNonExpired=true, AccountNonLocked=true, Granted Authorities=[ROLE_ADMIN]], Credentials=[PROTECTED], Authenticated=true, Details=null, Granted Authorities=[ROLE_ADMIN]]]
2024-12-06T17:19:37.771+03:00 DEBUG 5524 --- [           main] o.s.security.web.FilterChainProxy        : Secured DELETE /admin/players/40
2024-12-06T17:19:37.771+03:00 DEBUG 5524 --- [           main] s.w.s.m.m.a.RequestMappingHandlerMapping : Mapped to com.example.AdminController#deletePlayer(Long)
Hibernate: select p1_0.id,p1_0.is_premium,p1_0.name,p1_0.region,p1_0.total_score from player p1_0 where p1_0.id=?
Hibernate: select gr1_0.player_id,gr1_0.id,gr1_0.date,gr1_0.game_type,gr1_0.score from game_result gr1_0 where gr1_0.player_id=?
Hibernate: delete from player where id=?
2024-12-06T17:19:37.827+03:00 DEBUG 5524 --- [           main] o.s.w.s.m.m.a.HttpEntityMethodProcessor  : Using 'application/octet-stream', given [*/*] and supported [*/*]
2024-12-06T17:19:37.828+03:00 DEBUG 5524 --- [           main] w.c.HttpSessionSecurityContextRepository : Created HttpSession as SecurityContext is non-default
2024-12-06T17:19:37.828+03:00 DEBUG 5524 --- [           main] w.c.HttpSessionSecurityContextRepository : Stored SecurityContextImpl [Authentication=UsernamePasswordAuthenticationToken [Principal=org.springframework.security.core.userdetails.User [Username=okak, Password=[PROTECTED], Enabled=true, AccountNonExpired=true, CredentialsNonExpired=true, AccountNonLocked=true, Granted Authorities=[ROLE_ADMIN]], Credentials=[PROTECTED], Authenticated=true, Details=null, Granted Authorities=[ROLE_ADMIN]]] to HttpSession [org.springframework.mock.web.MockHttpSession@6f78eb17]
2024-12-06T17:19:37.829+03:00 DEBUG 5524 --- [           main] o.s.security.web.FilterChainProxy        : Securing GET /players/40
2024-12-06T17:19:37.829+03:00 DEBUG 5524 --- [           main] w.c.HttpSessionSecurityContextRepository : Retrieved SecurityContextImpl [Authentication=UsernamePasswordAuthenticationToken [Principal=org.springframework.security.core.userdetails.User [Username=okak, Password=[PROTECTED], Enabled=true, AccountNonExpired=true, CredentialsNonExpired=true, AccountNonLocked=true, Granted Authorities=[ROLE_ADMIN]], Credentials=[PROTECTED], Authenticated=true, Details=null, Granted Authorities=[ROLE_ADMIN]]]
2024-12-06T17:19:37.829+03:00 DEBUG 5524 --- [           main] o.s.security.web.FilterChainProxy        : Secured GET /players/40
2024-12-06T17:19:37.830+03:00 DEBUG 5524 --- [           main] s.w.s.m.m.a.RequestMappingHandlerMapping : Mapped to com.example.PlayerController#getPlayerProfile(Long)
Hibernate: select p1_0.id,p1_0.is_premium,p1_0.name,p1_0.region,p1_0.total_score from player p1_0 where p1_0.id=?
2024-12-06T17:19:37.834+03:00 DEBUG 5524 --- [           main] o.s.w.s.m.m.a.HttpEntityMethodProcessor  : Using 'application/octet-stream', given [*/*] and supported [*/*]
]]></system-out>
    <system-err><![CDATA[WARNING: A Java agent has been loaded dynamically (C:\Users\goros\.m2\repository\net\bytebuddy\byte-buddy-agent\1.14.10\byte-buddy-agent-1.14.10.jar)
WARNING: If a serviceability tool is in use, please run with -XX:+EnableDynamicAgentLoading to hide this warning
WARNING: If a serviceability tool is not in use, please run with -Djdk.instrument.traceUsage for more information
WARNING: Dynamic loading of agents will be disallowed by default in a future release
]]></system-err>
  </testcase>
  <testcase name="testAddPlayer" classname="AdminTest" time="0.036">
    <system-out><![CDATA[2024-12-06T17:19:37.846+03:00 DEBUG 5524 --- [           main] w.c.HttpSessionSecurityContextRepository : Created HttpSession as SecurityContext is non-default
2024-12-06T17:19:37.846+03:00 DEBUG 5524 --- [           main] w.c.HttpSessionSecurityContextRepository : Stored SecurityContextImpl [Authentication=UsernamePasswordAuthenticationToken [Principal=org.springframework.security.core.userdetails.User [Username=okak, Password=[PROTECTED], Enabled=true, AccountNonExpired=true, CredentialsNonExpired=true, AccountNonLocked=true, Granted Authorities=[ROLE_ADMIN]], Credentials=[PROTECTED], Authenticated=true, Details=null, Granted Authorities=[ROLE_ADMIN]]] to HttpSession [org.springframework.mock.web.MockHttpSession@d8a5846]
2024-12-06T17:19:37.846+03:00 DEBUG 5524 --- [           main] o.s.security.web.FilterChainProxy        : Securing POST /players
2024-12-06T17:19:37.847+03:00 DEBUG 5524 --- [           main] w.c.HttpSessionSecurityContextRepository : Retrieved SecurityContextImpl [Authentication=UsernamePasswordAuthenticationToken [Principal=org.springframework.security.core.userdetails.User [Username=okak, Password=[PROTECTED], Enabled=true, AccountNonExpired=true, CredentialsNonExpired=true, AccountNonLocked=true, Granted Authorities=[ROLE_ADMIN]], Credentials=[PROTECTED], Authenticated=true, Details=null, Granted Authorities=[ROLE_ADMIN]]]
2024-12-06T17:19:37.847+03:00 DEBUG 5524 --- [           main] o.s.security.web.FilterChainProxy        : Secured POST /players
2024-12-06T17:19:37.847+03:00 DEBUG 5524 --- [           main] s.w.s.m.m.a.RequestMappingHandlerMapping : Mapped to com.example.PlayerController#addPlayer(Player)
2024-12-06T17:19:37.848+03:00 DEBUG 5524 --- [           main] m.m.a.RequestResponseBodyMethodProcessor : Read "application/json;charset=UTF-8" to [Player(id=null, name=NewPlayer, totalScore=100, region=Europe, isPremium=1, gameResults=null)]
Hibernate: insert into player (is_premium,name,region,total_score) values (?,?,?,?)
2024-12-06T17:19:37.852+03:00 DEBUG 5524 --- [           main] m.m.a.RequestResponseBodyMethodProcessor : Using 'application/json', given [*/*] and supported [application/json, application/*+json]
2024-12-06T17:19:37.852+03:00 DEBUG 5524 --- [           main] m.m.a.RequestResponseBodyMethodProcessor : Writing [Player(id=41, name=NewPlayer, totalScore=100, region=Europe, isPremium=1, gameResults=null)]
]]></system-out>
  </testcase>
  <testcase name="testEditPlayer" classname="AdminTest" time="0.03">
    <system-out><![CDATA[2024-12-06T17:19:37.883+03:00 DEBUG 5524 --- [           main] w.c.HttpSessionSecurityContextRepository : Created HttpSession as SecurityContext is non-default
2024-12-06T17:19:37.883+03:00 DEBUG 5524 --- [           main] w.c.HttpSessionSecurityContextRepository : Stored SecurityContextImpl [Authentication=UsernamePasswordAuthenticationToken [Principal=org.springframework.security.core.userdetails.User [Username=okak, Password=[PROTECTED], Enabled=true, AccountNonExpired=true, CredentialsNonExpired=true, AccountNonLocked=true, Granted Authorities=[ROLE_ADMIN]], Credentials=[PROTECTED], Authenticated=true, Details=null, Granted Authorities=[ROLE_ADMIN]]] to HttpSession [org.springframework.mock.web.MockHttpSession@15e8918]
2024-12-06T17:19:37.884+03:00 DEBUG 5524 --- [           main] o.s.security.web.FilterChainProxy        : Securing POST /players
2024-12-06T17:19:37.884+03:00 DEBUG 5524 --- [           main] w.c.HttpSessionSecurityContextRepository : Retrieved SecurityContextImpl [Authentication=UsernamePasswordAuthenticationToken [Principal=org.springframework.security.core.userdetails.User [Username=okak, Password=[PROTECTED], Enabled=true, AccountNonExpired=true, CredentialsNonExpired=true, AccountNonLocked=true, Granted Authorities=[ROLE_ADMIN]], Credentials=[PROTECTED], Authenticated=true, Details=null, Granted Authorities=[ROLE_ADMIN]]]
2024-12-06T17:19:37.884+03:00 DEBUG 5524 --- [           main] o.s.security.web.FilterChainProxy        : Secured POST /players
2024-12-06T17:19:37.884+03:00 DEBUG 5524 --- [           main] s.w.s.m.m.a.RequestMappingHandlerMapping : Mapped to com.example.PlayerController#addPlayer(Player)
2024-12-06T17:19:37.885+03:00 DEBUG 5524 --- [           main] m.m.a.RequestResponseBodyMethodProcessor : Read "application/json;charset=UTF-8" to [Player(id=null, name=PlayerToEdit, totalScore=50, region=Asia, isPremium=0, gameResults=null)]
Hibernate: insert into player (is_premium,name,region,total_score) values (?,?,?,?)
2024-12-06T17:19:37.888+03:00 DEBUG 5524 --- [           main] m.m.a.RequestResponseBodyMethodProcessor : Using 'application/json', given [*/*] and supported [application/json, application/*+json]
2024-12-06T17:19:37.889+03:00 DEBUG 5524 --- [           main] m.m.a.RequestResponseBodyMethodProcessor : Writing [Player(id=42, name=PlayerToEdit, totalScore=50, region=Asia, isPremium=0, gameResults=null)]
2024-12-06T17:19:37.890+03:00 DEBUG 5524 --- [           main] w.c.HttpSessionSecurityContextRepository : Created HttpSession as SecurityContext is non-default
2024-12-06T17:19:37.890+03:00 DEBUG 5524 --- [           main] w.c.HttpSessionSecurityContextRepository : Stored SecurityContextImpl [Authentication=UsernamePasswordAuthenticationToken [Principal=org.springframework.security.core.userdetails.User [Username=okak, Password=[PROTECTED], Enabled=true, AccountNonExpired=true, CredentialsNonExpired=true, AccountNonLocked=true, Granted Authorities=[ROLE_ADMIN]], Credentials=[PROTECTED], Authenticated=true, Details=null, Granted Authorities=[ROLE_ADMIN]]] to HttpSession [org.springframework.mock.web.MockHttpSession@306cb0a0]
2024-12-06T17:19:37.890+03:00 DEBUG 5524 --- [           main] o.s.security.web.FilterChainProxy        : Securing PUT /admin/players/42
2024-12-06T17:19:37.891+03:00 DEBUG 5524 --- [           main] w.c.HttpSessionSecurityContextRepository : Retrieved SecurityContextImpl [Authentication=UsernamePasswordAuthenticationToken [Principal=org.springframework.security.core.userdetails.User [Username=okak, Password=[PROTECTED], Enabled=true, AccountNonExpired=true, CredentialsNonExpired=true, AccountNonLocked=true, Granted Authorities=[ROLE_ADMIN]], Credentials=[PROTECTED], Authenticated=true, Details=null, Granted Authorities=[ROLE_ADMIN]]]
2024-12-06T17:19:37.891+03:00 DEBUG 5524 --- [           main] o.s.security.web.FilterChainProxy        : Secured PUT /admin/players/42
2024-12-06T17:19:37.891+03:00 DEBUG 5524 --- [           main] s.w.s.m.m.a.RequestMappingHandlerMapping : Mapped to com.example.AdminController#updatePlayer(Long, Player)
2024-12-06T17:19:37.891+03:00 DEBUG 5524 --- [           main] m.m.a.RequestResponseBodyMethodProcessor : Read "application/json;charset=UTF-8" to [Player(id=null, name=EditedPlayer, totalScore=300, region=Europe, isPremium=1, gameResults=null)]
Received isPremium: true
Hibernate: select p1_0.id,p1_0.is_premium,p1_0.name,p1_0.region,p1_0.total_score from player p1_0 where p1_0.id=?
Hibernate: update player set is_premium=?,name=?,region=?,total_score=? where id=?
2024-12-06T17:19:37.908+03:00 DEBUG 5524 --- [           main] o.s.w.s.m.m.a.HttpEntityMethodProcessor  : Using 'application/json', given [*/*] and supported [application/json, application/*+json]
Hibernate: select gr1_0.player_id,gr1_0.id,gr1_0.date,gr1_0.game_type,gr1_0.score from game_result gr1_0 where gr1_0.player_id=?
2024-12-06T17:19:37.909+03:00 DEBUG 5524 --- [           main] o.s.w.s.m.m.a.HttpEntityMethodProcessor  : Writing [Player(id=42, name=EditedPlayer, totalScore=300, region=Europe, isPremium=1, gameResults=[])]
]]></system-out>
  </testcase>
</testsuite>