<?xml version="1.0" encoding="UTF-8"?>
<testsuite xmlns:xsi="http://www.w3.org/2001/XMLSchema-instance" xsi:noNamespaceSchemaLocation="https://maven.apache.org/surefire/maven-surefire-plugin/xsd/surefire-test-report-3.0.xsd" version="3.0" name="AuthControllerTest" time="0.476" tests="5" errors="0" skipped="0" failures="0">
  <properties>
[...]
</properties>
  <testcase name="testRegistrationFailurePasswordsDoNotMatch" classname="AuthControllerTest" time="0.016">
    <system-out><![CDATA[2024-12-06T17:19:37.926+03:00 DEBUG 5524 --- [           main] o.s.security.web.FilterChainProxy        : Securing POST /register
2024-12-06T17:19:37.926+03:00 DEBUG 5524 --- [           main] o.s.security.web.FilterChainProxy        : Secured POST /register
2024-12-06T17:19:37.926+03:00 DEBUG 5524 --- [           main] s.w.s.m.m.a.RequestMappingHandlerMapping : Mapped to com.example.AuthController#handleRegister(String, String, String, Model)
2024-12-06T17:19:37.936+03:00 DEBUG 5524 --- [           main] o.s.web.servlet.view.RedirectView        : View name 'redirect:', model {}
2024-12-06T17:19:37.938+03:00 DEBUG 5524 --- [           main] o.s.s.w.a.AnonymousAuthenticationFilter  : Set SecurityContextHolder to anonymous SecurityContext
]]></system-out>
  </testcase>
  <testcase name="testLoginSuccess" classname="AuthControllerTest" time="0.211">
    <system-out><![CDATA[2024-12-06T17:19:37.942+03:00 DEBUG 5524 --- [           main] o.s.security.web.FilterChainProxy        : Securing POST /login
Attempting to find user: okak
Hibernate: select u1_0.id,u1_0.email,u1_0.password,u1_0.role,u1_0.username from user u1_0 where u1_0.username=?
2024-12-06T17:19:38.150+03:00 DEBUG 5524 --- [           main] o.s.s.a.dao.DaoAuthenticationProvider    : Authenticated user
2024-12-06T17:19:38.151+03:00 DEBUG 5524 --- [           main] w.c.HttpSessionSecurityContextRepository : Stored SecurityContextImpl [Authentication=UsernamePasswordAuthenticationToken [Principal=org.springframework.security.core.userdetails.User [Username=okak, Password=[PROTECTED], Enabled=true, AccountNonExpired=true, CredentialsNonExpired=true, AccountNonLocked=true, Granted Authorities=[ROLE_ADMIN]], Credentials=[PROTECTED], Authenticated=true, Details=WebAuthenticationDetails [RemoteIpAddress=127.0.0.1, SessionId=null], Granted Authorities=[ROLE_ADMIN]]] to HttpSession [org.springframework.mock.web.MockHttpSession@37e57a20]
2024-12-06T17:19:38.151+03:00 DEBUG 5524 --- [           main] w.a.UsernamePasswordAuthenticationFilter : Set SecurityContextHolder to UsernamePasswordAuthenticationToken [Principal=org.springframework.security.core.userdetails.User [Username=okak, Password=[PROTECTED], Enabled=true, AccountNonExpired=true, CredentialsNonExpired=true, AccountNonLocked=true, Granted Authorities=[ROLE_ADMIN]], Credentials=[PROTECTED], Authenticated=true, Details=WebAuthenticationDetails [RemoteIpAddress=127.0.0.1, SessionId=null], Granted Authorities=[ROLE_ADMIN]]
2024-12-06T17:19:38.151+03:00 DEBUG 5524 --- [           main] o.s.s.web.DefaultRedirectStrategy        : Redirecting to /leaderboard-page
]]></system-out>
  </testcase>
  <testcase name="testRegistrationFailureUsernameAlreadyExists" classname="AuthControllerTest" time="0.101">
    <system-out><![CDATA[2024-12-06T17:19:38.156+03:00 DEBUG 5524 --- [           main] o.s.security.web.FilterChainProxy        : Securing POST /register
2024-12-06T17:19:38.156+03:00 DEBUG 5524 --- [           main] o.s.security.web.FilterChainProxy        : Secured POST /register
2024-12-06T17:19:38.156+03:00 DEBUG 5524 --- [           main] s.w.s.m.m.a.RequestMappingHandlerMapping : Mapped to com.example.AuthController#handleRegister(String, String, String, Model)
Hibernate: insert into user (email,password,role,username) values (?,?,?,?)
2024-12-06T17:19:38.247+03:00  WARN 5524 --- [           main] o.h.engine.jdbc.spi.SqlExceptionHelper   : SQL Error: 1062, SQLState: 23000
2024-12-06T17:19:38.247+03:00 ERROR 5524 --- [           main] o.h.engine.jdbc.spi.SqlExceptionHelper   : Duplicate entry 'okak' for key 'user.UK_sb8bbouer5wak8vyiiy4pf2bx'
2024-12-06T17:19:38.254+03:00 DEBUG 5524 --- [           main] o.s.web.servlet.view.RedirectView        : View name 'redirect:', model {}
2024-12-06T17:19:38.254+03:00 DEBUG 5524 --- [           main] o.s.s.w.a.AnonymousAuthenticationFilter  : Set SecurityContextHolder to anonymous SecurityContext
]]></system-out>
  </testcase>
  <testcase name="testLoginFailure" classname="AuthControllerTest" time="0.067">
    <system-out><![CDATA[2024-12-06T17:19:38.257+03:00 DEBUG 5524 --- [           main] o.s.security.web.FilterChainProxy        : Securing POST /login
Attempting to find user: invalidUser
Hibernate: select u1_0.id,u1_0.email,u1_0.password,u1_0.role,u1_0.username from user u1_0 where u1_0.username=?
2024-12-06T17:19:38.322+03:00 DEBUG 5524 --- [           main] o.s.s.a.dao.DaoAuthenticationProvider    : Failed to find user 'invalidUser'
2024-12-06T17:19:38.322+03:00 DEBUG 5524 --- [           main] o.s.s.web.DefaultRedirectStrategy        : Redirecting to /login?error
]]></system-out>
  </testcase>
  <testcase name="testRegistrationSuccess" classname="AuthControllerTest" time="0.068">
    <system-out><![CDATA[2024-12-06T17:19:38.325+03:00 DEBUG 5524 --- [           main] o.s.security.web.FilterChainProxy        : Securing POST /register
2024-12-06T17:19:38.325+03:00 DEBUG 5524 --- [           main] o.s.security.web.FilterChainProxy        : Secured POST /register
2024-12-06T17:19:38.325+03:00 DEBUG 5524 --- [           main] s.w.s.m.m.a.RequestMappingHandlerMapping : Mapped to com.example.AuthController#handleRegister(String, String, String, Model)
Hibernate: insert into user (email,password,role,username) values (?,?,?,?)
2024-12-06T17:19:38.390+03:00 DEBUG 5524 --- [           main] o.s.web.servlet.view.RedirectView        : View name 'redirect:', model {}
2024-12-06T17:19:38.390+03:00 DEBUG 5524 --- [           main] o.s.s.w.a.AnonymousAuthenticationFilter  : Set SecurityContextHolder to anonymous SecurityContext
]]></system-out>
  </testcase>
</testsuite>