<?xml version="1.0" encoding="UTF-8"?>
<testsuite xmlns:xsi="http://www.w3.org/2001/XMLSchema-instance" xsi:noNamespaceSchemaLocation="https://maven.apache.org/surefire/maven-surefire-plugin/xsd/surefire-test-report-3.0.xsd" version="3.0" name="PlayerProfileTest" time="0.028" tests="2" errors="0" skipped="0" failures="0">
  <properties>
[...]
</properties>
  <testcase name="testGetPlayerProfile" classname="PlayerProfileTest" time="0.014">
    <system-out><![CDATA[2024-12-06T17:19:38.482+03:00 DEBUG 5524 --- [           main] w.c.HttpSessionSecurityContextRepository : Created HttpSession as SecurityContext is non-default
2024-12-06T17:19:38.482+03:00 DEBUG 5524 --- [           main] w.c.HttpSessionSecurityContextRepository : Stored SecurityContextImpl [Authentication=UsernamePasswordAuthenticationToken [Principal=org.springframework.security.core.userdetails.User [Username=okak, Password=[PROTECTED], Enabled=true, AccountNonExpired=true, CredentialsNonExpired=true, AccountNonLocked=true, Granted Authorities=[ROLE_ADMIN]], Credentials=[PROTECTED], Authenticated=true, Details=null, Granted Authorities=[ROLE_ADMIN]]] to HttpSession [org.springframework.mock.web.MockHttpSession@2086dfb8]
2024-12-06T17:19:38.482+03:00 DEBUG 5524 --- [           main] o.s.security.web.FilterChainProxy        : Securing GET /players/15
2024-12-06T17:19:38.483+03:00 DEBUG 5524 --- [           main] w.c.HttpSessionSecurityContextRepository : Retrieved SecurityContextImpl [Authentication=UsernamePasswordAuthenticationToken [Principal=org.springframework.security.core.userdetails.User [Username=okak, Password=[PROTECTED], Enabled=true, AccountNonExpired=true, CredentialsNonExpired=true, AccountNonLocked=true, Granted Authorities=[ROLE_ADMIN]], Credentials=[PROTECTED], Authenticated=true, Details=null, Granted Authorities=[ROLE_ADMIN]]]
2024-12-06T17:19:38.483+03:00 DEBUG 5524 --- [           main] o.s.security.web.FilterChainProxy        : Secured GET /players/15
2024-12-06T17:19:38.483+03:00 DEBUG 5524 --- [           main] s.w.s.m.m.a.RequestMappingHandlerMapping : Mapped to com.example.PlayerController#getPlayerProfile(Long)
Hibernate: select p1_0.id,p1_0.is_premium,p1_0.name,p1_0.region,p1_0.total_score from player p1_0 where p1_0.id=?
Hibernate: select gr1_0.id,gr1_0.date,gr1_0.game_type,gr1_0.player_id,gr1_0.score from game_result gr1_0 where gr1_0.player_id=?
2024-12-06T17:19:38.492+03:00 DEBUG 5524 --- [           main] o.s.w.s.m.m.a.HttpEntityMethodProcessor  : Using 'application/json', given [*/*] and supported [application/json, application/*+json]
2024-12-06T17:19:38.492+03:00 DEBUG 5524 --- [           main] o.s.w.s.m.m.a.HttpEntityMethodProcessor  : Writing [com.example.PlayerProfileResponse@54d20609]
Response: {"player":{"id":15,"name":"JohnDoe","totalScore":1450,"region":"Asia","isPremium":1,"premium":true},"history":[]}
]]></system-out>
  </testcase>
  <testcase name="testPlayerNotFound" classname="PlayerProfileTest" time="0.008">
    <system-out><![CDATA[2024-12-06T17:19:38.497+03:00 DEBUG 5524 --- [           main] w.c.HttpSessionSecurityContextRepository : Created HttpSession as SecurityContext is non-default
2024-12-06T17:19:38.497+03:00 DEBUG 5524 --- [           main] w.c.HttpSessionSecurityContextRepository : Stored SecurityContextImpl [Authentication=UsernamePasswordAuthenticationToken [Principal=org.springframework.security.core.userdetails.User [Username=okak, Password=[PROTECTED], Enabled=true, AccountNonExpired=true, CredentialsNonExpired=true, AccountNonLocked=true, Granted Authorities=[ROLE_ADMIN]], Credentials=[PROTECTED], Authenticated=true, Details=null, Granted Authorities=[ROLE_ADMIN]]] to HttpSession [org.springframework.mock.web.MockHttpSession@22974eba]
2024-12-06T17:19:38.497+03:00 DEBUG 5524 --- [           main] o.s.security.web.FilterChainProxy        : Securing GET /players/999
2024-12-06T17:19:38.497+03:00 DEBUG 5524 --- [           main] w.c.HttpSessionSecurityContextRepository : Retrieved SecurityContextImpl [Authentication=UsernamePasswordAuthenticationToken [Principal=org.springframework.security.core.userdetails.User [Username=okak, Password=[PROTECTED], Enabled=true, AccountNonExpired=true, CredentialsNonExpired=true, AccountNonLocked=true, Granted Authorities=[ROLE_ADMIN]], Credentials=[PROTECTED], Authenticated=true, Details=null, Granted Authorities=[ROLE_ADMIN]]]
2024-12-06T17:19:38.497+03:00 DEBUG 5524 --- [           main] o.s.security.web.FilterChainProxy        : Secured GET /players/999
2024-12-06T17:19:38.498+03:00 DEBUG 5524 --- [           main] s.w.s.m.m.a.RequestMappingHandlerMapping : Mapped to com.example.PlayerController#getPlayerProfile(Long)
Hibernate: select p1_0.id,p1_0.is_premium,p1_0.name,p1_0.region,p1_0.total_score from player p1_0 where p1_0.id=?
2024-12-06T17:19:38.501+03:00 DEBUG 5524 --- [           main] o.s.w.s.m.m.a.HttpEntityMethodProcessor  : Using 'application/octet-stream', given [*/*] and supported [*/*]
]]></system-out>
  </testcase>
</testsuite>